<?xml version="1.0" encoding="UTF-8"?>
<testng-results ignored="0" total="2" passed="2" failed="0" skipped="0">
  <reporter-output>
  </reporter-output>
  <suite started-at="2020-03-21T02:16:37 EDT" name="Suite" finished-at="2020-03-21T02:16:54 EDT" duration-ms="17626">
    <groups>
    </groups>
    <test started-at="2020-03-21T02:16:37 EDT" name="Test" finished-at="2020-03-21T02:16:54 EDT" duration-ms="17626">
      <class name="bootcampfinal.HomeDepoExecuater">
        <test-method is-config="true" signature="beforeClass()[pri:0, instance:bootcampfinal.HomeDepoExecuater@501edcf1]" started-at="2020-03-21T02:16:37 EDT" name="beforeClass" finished-at="2020-03-21T02:16:48 EDT" duration-ms="11199" status="PASS">
          <reporter-output>
          </reporter-output>
        </test-method> <!-- beforeClass -->
        <test-method signature="one()[pri:0, instance:bootcampfinal.HomeDepoExecuater@501edcf1]" started-at="2020-03-21T02:16:48 EDT" name="one" finished-at="2020-03-21T02:16:53 EDT" duration-ms="4534" status="PASS">
          <reporter-output>
          </reporter-output>
        </test-method> <!-- one -->
        <test-method signature="two(java.lang.String, java.lang.String, java.lang.String, java.lang.String)[pri:1, instance:bootcampfinal.HomeDepoExecuater@501edcf1]" started-at="2020-03-21T02:16:53 EDT" name="two" finished-at="2020-03-21T02:16:54 EDT" duration-ms="1670" status="PASS">
          <params>
            <param index="0">
              <value>
                <![CDATA[emal_yarzada@hotmail.com]]>
              </value>
            </param>
            <param index="1">
              <value>
                <![CDATA[GjI7!Cl@44G]]>
              </value>
            </param>
            <param index="2">
              <value>
                <![CDATA[22306]]>
              </value>
            </param>
            <param index="3">
              <value>
                <![CDATA[5772634251]]>
              </value>
            </param>
          </params>
          <reporter-output>
          </reporter-output>
        </test-method> <!-- two -->
        <test-method is-config="true" signature="afterClass()[pri:0, instance:bootcampfinal.HomeDepoExecuater@501edcf1]" started-at="2020-03-21T02:16:54 EDT" name="afterClass" finished-at="2020-03-21T02:16:54 EDT" duration-ms="184" status="PASS">
          <reporter-output>
          </reporter-output>
        </test-method> <!-- afterClass -->
      </class> <!-- bootcampfinal.HomeDepoExecuater -->
    </test> <!-- Test -->
  </suite> <!-- Suite -->
</testng-results>
