<?xml version="1.0" encoding="UTF-8"?>
<!-- Generated by org.testng.reporters.JUnitXMLReporter -->
<testsuite ignored="0" hostname="DESKTOP-9LDSGNB" failures="1" tests="1" name="fb_firefox_login" time="0.007" errors="0" timestamp="2020-02-19T00:42:20 EST">
  <testcase classname="co.xml.tests.Login_Function_Test" name="test1" time="0.001">
    <failure type="java.lang.NullPointerException">
      <![CDATA[java.lang.NullPointerException
at co.codes.MyMethods.send(MyMethods.java:29)
at co.xml.tests.Login_Function_Test.test1(Login_Function_Test.java:23)
at java.base/java.util.ArrayList.forEach(ArrayList.java:1507)
... Removed 27 stack frames]]>
    </failure>
  </testcase> <!-- test1 -->
</testsuite> <!-- fb_firefox_login -->
